[0m12:58:48.581692 [debug] [MainThread]: Sending event: {'category': 'dbt', 'action': 'invocation', 'label': 'start', 'context': [<snowplow_tracker.self_describing_json.SelfDescribingJson object at 0x0000020757776F90>, <snowplow_tracker.self_describing_json.SelfDescribingJson object at 0x0000020756D83BD0>, <snowplow_tracker.self_describing_json.SelfDescribingJson object at 0x0000020757506490>]}


============================== 12:58:48.597742 | 765b5241-ae9e-41c8-8b8d-0244827ef33e ==============================
[0m12:58:48.597742 [info ] [MainThread]: Running with dbt=1.8.7
[0m12:58:48.598856 [debug] [MainThread]: running dbt with arguments {'printer_width': '80', 'indirect_selection': 'eager', 'log_cache_events': 'False', 'write_json': 'True', 'partial_parse': 'True', 'cache_selected_only': 'False', 'warn_error': 'None', 'debug': 'False', 'version_check': 'True', 'log_path': 'logs', 'profiles_dir': 'C:\\Users\\Ayaz Ali\\.dbt', 'fail_fast': 'False', 'use_colors': 'True', 'use_experimental_parser': 'False', 'empty': 'None', 'quiet': 'False', 'no_print': 'None', 'log_format': 'default', 'static_parser': 'True', 'introspect': 'True', 'invocation_command': 'dbt init dbt_demo', 'target_path': 'None', 'warn_error_options': 'WarnErrorOptions(include=[], exclude=[])', 'send_anonymous_usage_stats': 'True'}
[0m12:58:48.662170 [debug] [MainThread]: Starter project path: C:\users\ayaz ali\desktop\learning\dbt-learn\demo_dbt\venv\Lib\site-packages\dbt\include\starter_project
[0m12:58:48.771984 [info ] [MainThread]: 
Your new dbt project "dbt_demo" was created!

For more information on how to configure the profiles.yml file,
please consult the dbt documentation here:

  https://docs.getdbt.com/docs/configure-your-profile

One more thing:

Need help? Don't hesitate to reach out to us via GitHub issues or on Slack:

  https://community.getdbt.com/

Happy modeling!

[0m12:58:48.780538 [info ] [MainThread]: Setting up your profile.
[0m13:01:55.824366 [info ] [MainThread]: Profile dbt_demo written to C:\Users\Ayaz Ali\.dbt\profiles.yml using target's profile_template.yml and your supplied values. Run 'dbt debug' to validate the connection.
[0m13:01:55.832371 [debug] [MainThread]: Command `dbt init` succeeded at 13:01:55.832371 after 187.45 seconds
[0m13:01:55.832371 [debug] [MainThread]: Sending event: {'category': 'dbt', 'action': 'invocation', 'label': 'end', 'context': [<snowplow_tracker.self_describing_json.SelfDescribingJson object at 0x000002075776D490>, <snowplow_tracker.self_describing_json.SelfDescribingJson object at 0x0000020751469290>, <snowplow_tracker.self_describing_json.SelfDescribingJson object at 0x0000020757531850>]}
[0m13:01:55.832371 [debug] [MainThread]: Flushing usage events
[0m13:10:43.106535 [debug] [MainThread]: Sending event: {'category': 'dbt', 'action': 'invocation', 'label': 'start', 'context': [<snowplow_tracker.self_describing_json.SelfDescribingJson object at 0x000002B83E04C910>, <snowplow_tracker.self_describing_json.SelfDescribingJson object at 0x000002B83E03F290>, <snowplow_tracker.self_describing_json.SelfDescribingJson object at 0x000002B83E084790>]}


============================== 13:10:43.122536 | 692f24f6-084b-420e-98bf-5f9feed4f2f9 ==============================
[0m13:10:43.122536 [info ] [MainThread]: Running with dbt=1.8.7
[0m13:10:43.127966 [debug] [MainThread]: running dbt with arguments {'printer_width': '80', 'indirect_selection': 'eager', 'write_json': 'True', 'log_cache_events': 'False', 'partial_parse': 'True', 'cache_selected_only': 'False', 'profiles_dir': 'C:\\Users\\Ayaz Ali\\.dbt', 'fail_fast': 'False', 'debug': 'False', 'log_path': 'logs', 'warn_error': 'None', 'version_check': 'True', 'use_colors': 'True', 'use_experimental_parser': 'False', 'no_print': 'None', 'quiet': 'False', 'empty': 'None', 'log_format': 'default', 'invocation_command': 'dbt debug', 'introspect': 'True', 'warn_error_options': 'WarnErrorOptions(include=[], exclude=[])', 'target_path': 'None', 'static_parser': 'True', 'send_anonymous_usage_stats': 'True'}
[0m13:10:43.187711 [info ] [MainThread]: dbt version: 1.8.7
[0m13:10:43.187711 [info ] [MainThread]: python version: 3.11.5
[0m13:10:43.195727 [info ] [MainThread]: python path: C:\users\ayaz ali\desktop\learning\dbt-learn\demo_dbt\venv\Scripts\python.exe
[0m13:10:43.195727 [info ] [MainThread]: os info: Windows-10-10.0.19045-SP0
[0m13:10:46.825486 [info ] [MainThread]: Error importing adapter: No module named 'dbt.adapters.mysql'
[0m13:10:46.825486 [info ] [MainThread]: Using profiles dir at C:\Users\Ayaz Ali\.dbt
[0m13:10:46.825486 [info ] [MainThread]: Using profiles.yml file at C:\Users\Ayaz Ali\.dbt\profiles.yml
[0m13:10:46.836202 [info ] [MainThread]: Using dbt_project.yml file at C:\users\ayaz ali\desktop\learning\dbt-learn\demo_dbt\dbt_project.yml
[0m13:10:46.837250 [info ] [MainThread]: Configuration:
[0m13:10:46.837250 [info ] [MainThread]:   profiles.yml file [[31mERROR invalid[0m]
[0m13:10:46.837250 [info ] [MainThread]:   dbt_project.yml file [[31mERROR not found[0m]
[0m13:10:46.853223 [info ] [MainThread]: Required dependencies:
[0m13:10:46.859053 [debug] [MainThread]: Executing "git --help"
[0m13:10:46.966163 [debug] [MainThread]: STDOUT: "b"usage: git [-v | --version] [-h | --help] [-C <path>] [-c <name>=<value>]\n           [--exec-path[=<path>]] [--html-path] [--man-path] [--info-path]\n           [-p | --paginate | -P | --no-pager] [--no-replace-objects] [--bare]\n           [--git-dir=<path>] [--work-tree=<path>] [--namespace=<name>]\n           [--config-env=<name>=<envvar>] <command> [<args>]\n\nThese are common Git commands used in various situations:\n\nstart a working area (see also: git help tutorial)\n   clone     Clone a repository into a new directory\n   init      Create an empty Git repository or reinitialize an existing one\n\nwork on the current change (see also: git help everyday)\n   add       Add file contents to the index\n   mv        Move or rename a file, a directory, or a symlink\n   restore   Restore working tree files\n   rm        Remove files from the working tree and from the index\n\nexamine the history and state (see also: git help revisions)\n   bisect    Use binary search to find the commit that introduced a bug\n   diff      Show changes between commits, commit and working tree, etc\n   grep      Print lines matching a pattern\n   log       Show commit logs\n   show      Show various types of objects\n   status    Show the working tree status\n\ngrow, mark and tweak your common history\n   branch    List, create, or delete branches\n   commit    Record changes to the repository\n   merge     Join two or more development histories together\n   rebase    Reapply commits on top of another base tip\n   reset     Reset current HEAD to the specified state\n   switch    Switch branches\n   tag       Create, list, delete or verify a tag object signed with GPG\n\ncollaborate (see also: git help workflows)\n   fetch     Download objects and refs from another repository\n   pull      Fetch from and integrate with another repository or a local branch\n   push      Update remote refs along with associated objects\n\n'git help -a' and 'git help -g' list available subcommands and some\nconcept guides. See 'git help <command>' or 'git help <concept>'\nto read about a specific subcommand or concept.\nSee 'git help git' for an overview of the system.\n""
[0m13:10:46.974150 [debug] [MainThread]: STDERR: "b''"
[0m13:10:46.974150 [info ] [MainThread]:  - git [[32mOK found[0m]

[0m13:10:46.974150 [info ] [MainThread]: Connection test skipped since no profile was found
[0m13:10:46.974150 [info ] [MainThread]: [31m2 checks failed:[0m
[0m13:10:46.982152 [info ] [MainThread]: Could not load dbt_project.yml
Profile loading failed for the following reason:
Runtime Error
  Credentials in profile "demo_dbt", target "dev" invalid: Runtime Error
    Could not find adapter type mysql!


[0m13:10:46.990150 [info ] [MainThread]: Project loading failed for the following reason:
 project path <C:\users\ayaz ali\desktop\learning\dbt-learn\demo_dbt\dbt_project.yml> not found

[0m13:10:46.998158 [debug] [MainThread]: Command `dbt debug` failed at 13:10:46.998158 after 4.10 seconds
[0m13:10:46.998158 [debug] [MainThread]: Sending event: {'category': 'dbt', 'action': 'invocation', 'label': 'end', 'context': [<snowplow_tracker.self_describing_json.SelfDescribingJson object at 0x000002B837B5F2D0>, <snowplow_tracker.self_describing_json.SelfDescribingJson object at 0x000002B837B5FE50>, <snowplow_tracker.self_describing_json.SelfDescribingJson object at 0x000002B837B5F310>]}
[0m13:10:46.998158 [debug] [MainThread]: Flushing usage events
[0m13:11:43.884829 [debug] [MainThread]: Sending event: {'category': 'dbt', 'action': 'invocation', 'label': 'start', 'context': [<snowplow_tracker.self_describing_json.SelfDescribingJson object at 0x000001EE7476E990>, <snowplow_tracker.self_describing_json.SelfDescribingJson object at 0x000001EE748F42D0>, <snowplow_tracker.self_describing_json.SelfDescribingJson object at 0x000001EE748F5410>]}


============================== 13:11:43.893899 | 1f4dfd7a-a068-4d4f-9165-86ae7457d033 ==============================
[0m13:11:43.893899 [info ] [MainThread]: Running with dbt=1.8.7
[0m13:11:43.899689 [debug] [MainThread]: running dbt with arguments {'printer_width': '80', 'indirect_selection': 'eager', 'write_json': 'True', 'log_cache_events': 'False', 'partial_parse': 'True', 'cache_selected_only': 'False', 'warn_error': 'None', 'debug': 'False', 'version_check': 'True', 'log_path': 'logs', 'profiles_dir': 'C:\\Users\\Ayaz Ali\\.dbt', 'fail_fast': 'False', 'use_colors': 'True', 'use_experimental_parser': 'False', 'no_print': 'None', 'quiet': 'False', 'empty': 'None', 'warn_error_options': 'WarnErrorOptions(include=[], exclude=[])', 'introspect': 'True', 'log_format': 'default', 'static_parser': 'True', 'target_path': 'None', 'invocation_command': 'dbt debug', 'send_anonymous_usage_stats': 'True'}
[0m13:11:43.959482 [info ] [MainThread]: dbt version: 1.8.7
[0m13:11:43.966385 [info ] [MainThread]: python version: 3.11.5
[0m13:11:43.966385 [info ] [MainThread]: python path: C:\users\ayaz ali\desktop\learning\dbt-learn\demo_dbt\venv\Scripts\python.exe
[0m13:11:43.974418 [info ] [MainThread]: os info: Windows-10-10.0.19045-SP0
[0m13:11:47.480076 [info ] [MainThread]: Using profiles dir at C:\Users\Ayaz Ali\.dbt
[0m13:11:47.489304 [info ] [MainThread]: Using profiles.yml file at C:\Users\Ayaz Ali\.dbt\profiles.yml
[0m13:11:47.490426 [info ] [MainThread]: Using dbt_project.yml file at C:\users\ayaz ali\desktop\learning\dbt-learn\demo_dbt\dbt_project.yml
[0m13:11:47.498567 [info ] [MainThread]: adapter type: bigquery
[0m13:11:47.499638 [info ] [MainThread]: adapter version: 1.8.3
[0m13:11:47.499638 [info ] [MainThread]: Configuration:
[0m13:11:47.499638 [info ] [MainThread]:   profiles.yml file [[32mOK found and valid[0m]
[0m13:11:47.509544 [info ] [MainThread]:   dbt_project.yml file [[31mERROR not found[0m]
[0m13:11:47.520793 [info ] [MainThread]: Required dependencies:
[0m13:11:47.529716 [debug] [MainThread]: Executing "git --help"
[0m13:11:47.678024 [debug] [MainThread]: STDOUT: "b"usage: git [-v | --version] [-h | --help] [-C <path>] [-c <name>=<value>]\n           [--exec-path[=<path>]] [--html-path] [--man-path] [--info-path]\n           [-p | --paginate | -P | --no-pager] [--no-replace-objects] [--bare]\n           [--git-dir=<path>] [--work-tree=<path>] [--namespace=<name>]\n           [--config-env=<name>=<envvar>] <command> [<args>]\n\nThese are common Git commands used in various situations:\n\nstart a working area (see also: git help tutorial)\n   clone     Clone a repository into a new directory\n   init      Create an empty Git repository or reinitialize an existing one\n\nwork on the current change (see also: git help everyday)\n   add       Add file contents to the index\n   mv        Move or rename a file, a directory, or a symlink\n   restore   Restore working tree files\n   rm        Remove files from the working tree and from the index\n\nexamine the history and state (see also: git help revisions)\n   bisect    Use binary search to find the commit that introduced a bug\n   diff      Show changes between commits, commit and working tree, etc\n   grep      Print lines matching a pattern\n   log       Show commit logs\n   show      Show various types of objects\n   status    Show the working tree status\n\ngrow, mark and tweak your common history\n   branch    List, create, or delete branches\n   commit    Record changes to the repository\n   merge     Join two or more development histories together\n   rebase    Reapply commits on top of another base tip\n   reset     Reset current HEAD to the specified state\n   switch    Switch branches\n   tag       Create, list, delete or verify a tag object signed with GPG\n\ncollaborate (see also: git help workflows)\n   fetch     Download objects and refs from another repository\n   pull      Fetch from and integrate with another repository or a local branch\n   push      Update remote refs along with associated objects\n\n'git help -a' and 'git help -g' list available subcommands and some\nconcept guides. See 'git help <command>' or 'git help <concept>'\nto read about a specific subcommand or concept.\nSee 'git help git' for an overview of the system.\n""
[0m13:11:47.678024 [debug] [MainThread]: STDERR: "b''"
[0m13:11:47.678024 [info ] [MainThread]:  - git [[32mOK found[0m]

[0m13:11:47.678024 [info ] [MainThread]: Connection:
[0m13:11:47.686051 [info ] [MainThread]:   method: service-account
[0m13:11:47.686051 [info ] [MainThread]:   database: axial-analyzer-429406-p8
[0m13:11:47.686051 [info ] [MainThread]:   execution_project: axial-analyzer-429406-p8
[0m13:11:47.694035 [info ] [MainThread]:   schema: sensors_data
[0m13:11:47.703023 [info ] [MainThread]:   location: US
[0m13:11:47.703587 [info ] [MainThread]:   priority: interactive
[0m13:11:47.710145 [info ] [MainThread]:   maximum_bytes_billed: None
[0m13:11:47.710145 [info ] [MainThread]:   impersonate_service_account: None
[0m13:11:47.710145 [info ] [MainThread]:   job_retry_deadline_seconds: None
[0m13:11:47.718167 [info ] [MainThread]:   job_retries: 1
[0m13:11:47.718167 [info ] [MainThread]:   job_creation_timeout_seconds: None
[0m13:11:47.718167 [info ] [MainThread]:   job_execution_timeout_seconds: 300
[0m13:11:47.730196 [info ] [MainThread]:   timeout_seconds: 300
[0m13:11:47.730196 [info ] [MainThread]:   client_id: None
[0m13:11:47.740017 [info ] [MainThread]:   token_uri: None
[0m13:11:47.748184 [info ] [MainThread]:   dataproc_region: None
[0m13:11:47.749694 [info ] [MainThread]:   dataproc_cluster_name: None
[0m13:11:47.749694 [info ] [MainThread]:   gcs_bucket: None
[0m13:11:47.749694 [info ] [MainThread]:   dataproc_batch: None
[0m13:11:47.749694 [info ] [MainThread]: Registered adapter: bigquery=1.8.3
[0m13:11:47.769204 [debug] [MainThread]: Acquiring new bigquery connection 'debug'
[0m13:11:47.769204 [debug] [MainThread]: Opening a new connection, currently in state init
[0m13:11:47.810872 [debug] [MainThread]: On debug: select 1 as id
[0m13:11:51.324357 [debug] [MainThread]: BigQuery adapter: https://console.cloud.google.com/bigquery?project=axial-analyzer-429406-p8&j=bq:US:40e1eef8-b0b1-43cc-9679-7f51bde16e79&page=queryresults
[0m13:11:52.759521 [info ] [MainThread]:   Connection test: [[32mOK connection ok[0m]

[0m13:11:52.759521 [info ] [MainThread]: [31m1 check failed:[0m
[0m13:11:52.759521 [info ] [MainThread]: Project loading failed for the following reason:
 project path <C:\users\ayaz ali\desktop\learning\dbt-learn\demo_dbt\dbt_project.yml> not found

[0m13:11:52.769302 [debug] [MainThread]: Command `dbt debug` failed at 13:11:52.766754 after 9.07 seconds
[0m13:11:52.769302 [debug] [MainThread]: Connection 'debug' was properly closed.
[0m13:11:52.769302 [debug] [MainThread]: Sending event: {'category': 'dbt', 'action': 'invocation', 'label': 'end', 'context': [<snowplow_tracker.self_describing_json.SelfDescribingJson object at 0x000001EE74913350>, <snowplow_tracker.self_describing_json.SelfDescribingJson object at 0x000001EE74913450>, <snowplow_tracker.self_describing_json.SelfDescribingJson object at 0x000001EE7DC1B150>]}
[0m13:11:52.769302 [debug] [MainThread]: Flushing usage events
